<?xml version="1.0" encoding="UTF-8"?>
<!-- Generated by org.testng.reporters.JUnitXMLReporter -->
<testsuite ignored="0" hostname="Global-PC" failures="1" tests="3" name="Test" time="0.08" errors="0" timestamp="2023-06-01T10:08:45 IST">
  <testcase classname="SelfTesting.TestNG_Practice" name="test" time="0.015"/>
  <testcase classname="SelfTesting.TestNG_Practice" name="login" time="0.001">
    <failure type="java.lang.ArithmeticException" message="/ by zero">
      <![CDATA[java.lang.ArithmeticException: / by zero
at SelfTesting.TestNG_Practice.login(TestNG_Practice.java:9)
at java.base/java.util.ArrayList.forEach(ArrayList.java:1511)
... Removed 27 stack frames]]>
    </failure>
  </testcase> <!-- login -->
  <testcase classname="SelfTesting.TestNG_Practice" name="logOut" time="0.0">
    <skipped/>
  </testcase> <!-- logOut -->
</testsuite> <!-- Test -->
